INFO 2022-05-09 11:33:21,093 validations Instance: {'_state': <django.db.models.base.ModelState object at 0x7f32e4398e20>, 'id': 1, 'user_id': 2, 'avatar': <ImageFieldFile: pic.jpeg>, 'bio': 'Python developer: I really like the Backend.', 'url': 'https://t.me/alohalopatko', 'company': 'Tecman', 'city_id': 1}
INFO 2022-05-09 11:33:21,093 validations Filename: pic.jpeg
INFO 2022-05-09 11:34:27,578 validations Instance: {'_state': <django.db.models.base.ModelState object at 0x7f92d2f8c9a0>, 'id': 1, 'user_id': 2, 'avatar': <ImageFieldFile: pic.jpeg>, 'bio': 'Python developer: I really like the Backend.', 'url': 'https://t.me/alohalopatko', 'company': 'Tecman', 'city_id': 1}
INFO 2022-05-09 11:34:27,578 validations Filename: pic.jpeg
INFO 2022-05-09 11:35:30,731 validations Instance: {'_state': <django.db.models.base.ModelState object at 0x7f4377c07640>, 'id': 1, 'user_id': 2, 'avatar': <ImageFieldFile: pic.jpeg>, 'bio': 'Python developer: I really like the Backend.', 'url': 'https://t.me/alohalopatko', 'company': 'Tecman', 'city_id': 1}
INFO 2022-05-09 11:35:30,732 validations Filename: pic.jpeg
INFO - 2022-05-09 11:35:57,810 -  validations: Instance: {'_state': <django.db.models.base.ModelState object at 0x7f0a5ff4dca0>, 'id': 1, 'user_id': 2, 'avatar': <ImageFieldFile: pic.jpeg>, 'bio': 'Python developer: I really like the Backend.', 'url': 'https://t.me/alohalopatko', 'company': 'Tecman', 'city_id': 1}
INFO - 2022-05-09 11:35:57,810 -  validations: Filename: pic.jpeg
INFO - 2022-05-09 11:36:36,397 - validations - Instance: {'_state': <django.db.models.base.ModelState object at 0x7f4aedd21670>, 'id': 1, 'user_id': 2, 'avatar': <ImageFieldFile: pic.jpeg>, 'bio': 'Python developer: I really like the Backend.', 'url': 'https://t.me/alohalopatko', 'company': 'Tecman', 'city_id': 1}
INFO - 2022-05-09 11:36:36,397 - validations - Filename: pic.jpeg
INFO - 2022-05-09 11:39:06,043 - validations - Instance: pic.jpeg
INFO - 2022-05-09 11:39:06,043 - validations - Filename: pic.jpeg
INFO - 2022-05-09 11:39:28,323 - validations - Instance: pic.jpeg
INFO - 2022-05-09 11:39:28,324 - validations - Filename: pic.jpeg
INFO - 2022-05-09 11:40:54,087 - validations - Instance: pic.jpeg
INFO - 2022-05-09 11:40:54,087 - validations - Filename: pic.jpeg
INFO - 2022-05-09 11:48:59,508 - validations - Instance: pic.jpeg
INFO - 2022-05-09 11:48:59,508 - validations - Filename: pic.jpeg
INFO - 2022-05-09 11:51:11,821 - validations - Instance: pic.jpeg
INFO - 2022-05-09 11:51:11,821 - validations - Filename: pic.jpeg
